<?xml version="1.0" encoding="UTF-8"?>
<!-- Generated by org.testng.reporters.JUnitXMLReporter -->
<testsuite ignored="2" hostname="Sushants-MacBook-Pro.local" failures="0" tests="1" name="Default test" time="57.756" errors="0" timestamp="2021-07-12T11:18:35 CEST">
  <testcase classname="review.AddReview" name="TC3_VerifyReviewSubmission" time="47.176"/>
  <testcase classname="review.AddReview" name="TC2_AddReview" time="0.0">
    <ignored/>
  </testcase> <!-- TC2_AddReview -->
  <testcase classname="review.AddReview" name="TC1_VerifyProductDetails" time="0.0">
    <ignored/>
  </testcase> <!-- TC1_VerifyProductDetails -->
</testsuite> <!-- Default test -->
