<?xml version="1.0" encoding="UTF-8"?>
<!-- Generated by org.testng.reporters.JUnitXMLReporter -->
<testsuite ignored="4" hostname="Sushants-MacBook-Pro.local" failures="0" tests="3" name="Test" time="63.418" errors="0" timestamp="2021-07-12T11:59:11 CEST">
  <testcase classname="review.TC1_VerifyProductDetails" name="VerifyProductDetails" time="2.826"/>
  <testcase classname="review.TC2_AddReview" name="AddReview" time="5.931"/>
  <testcase classname="review.TC3_VerifyReviewSubmission" name="VerifyReviewSubmission" time="44.458"/>
  <testcase classname="com.BaseClass" name="@AfterTest teardown" time="0.0">
    <ignored/>
  </testcase> <!-- @AfterTest teardown -->
  <testcase classname="com.BaseClass" name="@AfterTest teardown" time="0.0">
    <ignored/>
  </testcase> <!-- @AfterTest teardown -->
  <testcase classname="com.BaseClass" name="@BeforeTest setup" time="0.0">
    <ignored/>
  </testcase> <!-- @BeforeTest setup -->
  <testcase classname="com.BaseClass" name="@BeforeTest setup" time="0.0">
    <ignored/>
  </testcase> <!-- @BeforeTest setup -->
</testsuite> <!-- Test -->
