<?xml version="1.0" encoding="UTF-8"?>
<testng-results ignored="4" total="7" passed="3" failed="0" skipped="0">
  <reporter-output>
  </reporter-output>
  <suite started-at="2021-07-12T11:58:08 CEST" name="AdidasReviewTestSuite" finished-at="2021-07-12T11:59:11 CEST" duration-ms="63418">
    <groups>
    </groups>
    <test started-at="2021-07-12T11:58:08 CEST" name="Test" finished-at="2021-07-12T11:59:11 CEST" duration-ms="63418">
      <class name="review.TC3_VerifyReviewSubmission">
        <test-method signature="VerifyReviewSubmission()[pri:0, instance:review.TC3_VerifyReviewSubmission@73700b80]" started-at="2021-07-12T11:58:22 CEST" name="VerifyReviewSubmission" finished-at="2021-07-12T11:59:07 CEST" duration-ms="44458" status="PASS">
          <reporter-output>
          </reporter-output>
        </test-method> <!-- VerifyReviewSubmission -->
      </class> <!-- review.TC3_VerifyReviewSubmission -->
      <class name="review.TC1_VerifyProductDetails">
        <test-method is-config="true" signature="setup()[pri:0, instance:review.TC1_VerifyProductDetails@1e683a3e]" started-at="2021-07-12T11:58:08 CEST" name="setup" finished-at="2021-07-12T11:58:14 CEST" duration-ms="5978" status="PASS">
          <reporter-output>
          </reporter-output>
        </test-method> <!-- setup -->
        <test-method signature="VerifyProductDetails()[pri:0, instance:review.TC1_VerifyProductDetails@1e683a3e]" started-at="2021-07-12T11:58:14 CEST" name="VerifyProductDetails" finished-at="2021-07-12T11:58:17 CEST" duration-ms="2826" status="PASS">
          <reporter-output>
          </reporter-output>
        </test-method> <!-- VerifyProductDetails -->
        <test-method is-config="true" signature="teardown()[pri:0, instance:review.TC1_VerifyProductDetails@1e683a3e]" started-at="2021-07-12T11:59:07 CEST" name="teardown" finished-at="2021-07-12T11:59:11 CEST" duration-ms="4201" status="PASS">
          <reporter-output>
          </reporter-output>
        </test-method> <!-- teardown -->
      </class> <!-- review.TC1_VerifyProductDetails -->
      <class name="review.TC2_AddReview">
        <test-method signature="AddReview()[pri:0, instance:review.TC2_AddReview@6f46426d]" started-at="2021-07-12T11:58:17 CEST" name="AddReview" finished-at="2021-07-12T11:58:22 CEST" duration-ms="5931" status="PASS">
          <reporter-output>
          </reporter-output>
        </test-method> <!-- AddReview -->
      </class> <!-- review.TC2_AddReview -->
    </test> <!-- Test -->
  </suite> <!-- AdidasReviewTestSuite -->
</testng-results>
