<?xml version="1.0" encoding="UTF-8"?>
<!-- Generated by org.testng.reporters.JUnitReportReporter -->
<testsuite hostname="Sushants-MacBook-Pro.local" failures="0" tests="2" name="tests.BaseClass" time="0.053" errors="1" timestamp="2021-07-09T14:27:50 CEST" skipped="0">
  <testcase classname="tests.BaseClass" name="Test" time="0.004"/>
  <system-out/>
  <testcase classname="tests.BaseClass" name="teardown" time="0.049">
    <error message="The requested resource could not be found, or a request was received using an HTTP method that is not supported by the mapped resource
Build info: version: &#039;3.141.59&#039;, revision: &#039;e82be7d358&#039;, time: &#039;2018-11-14T08:17:03&#039;
System info: host: &#039;Sushants-MacBook-Pro.local&#039;, ip: &#039;2001:1c02:110c:c900:71bf:1766:3679:be48%en0&#039;, os.name: &#039;Mac OS X&#039;, os.arch: &#039;x86_64&#039;, os.version: &#039;10.16&#039;, java.version: &#039;14.0.2&#039;
Driver info: io.appium.java_client.AppiumDriver
Capabilities {appActivity: com.example.challenge.MainA..., appPackage: com.example.challenge, databaseEnabled: false, desired: {appActivity: com.example.challenge.MainA..., appPackage: com.example.challenge, deviceName: OnePlus 7T, newCommandTimeout: 60, platformName: android, platformVersion: 11, udid: 1c8defcf}, deviceApiLevel: 30, deviceManufacturer: OnePlus, deviceModel: HD1901, deviceName: 1c8defcf, deviceScreenDensity: 450, deviceScreenSize: 1080x2400, deviceUDID: 1c8defcf, javascriptEnabled: true, locationContextEnabled: false, networkConnectionEnabled: true, newCommandTimeout: 60, pixelRatio: 2.8125, platform: LINUX, platformName: ANDROID, platformVersion: 11, statBarHeight: 80, takesScreenshot: true, udid: 1c8defcf, viewportRect: {height: 2207, left: 0, top: 80, width: 1080}, warnings: {}, webStorageEnabled: false}
Session ID: ec9faf8c-33e3-47e6-aa85-6ac1216464fd" type="org.openqa.selenium.UnsupportedCommandException">
      <![CDATA[org.openqa.selenium.UnsupportedCommandException: The requested resource could not be found, or a request was received using an HTTP method that is not supported by the mapped resource
Build info: version: '3.141.59', revision: 'e82be7d358', time: '2018-11-14T08:17:03'
System info: host: 'Sushants-MacBook-Pro.local', ip: '2001:1c02:110c:c900:71bf:1766:3679:be48%en0', os.name: 'Mac OS X', os.arch: 'x86_64', os.version: '10.16', java.version: '14.0.2'
Driver info: io.appium.java_client.AppiumDriver
Capabilities {appActivity: com.example.challenge.MainA..., appPackage: com.example.challenge, databaseEnabled: false, desired: {appActivity: com.example.challenge.MainA..., appPackage: com.example.challenge, deviceName: OnePlus 7T, newCommandTimeout: 60, platformName: android, platformVersion: 11, udid: 1c8defcf}, deviceApiLevel: 30, deviceManufacturer: OnePlus, deviceModel: HD1901, deviceName: 1c8defcf, deviceScreenDensity: 450, deviceScreenSize: 1080x2400, deviceUDID: 1c8defcf, javascriptEnabled: true, locationContextEnabled: false, networkConnectionEnabled: true, newCommandTimeout: 60, pixelRatio: 2.8125, platform: LINUX, platformName: ANDROID, platformVersion: 11, statBarHeight: 80, takesScreenshot: true, udid: 1c8defcf, viewportRect: {height: 2207, left: 0, top: 80, width: 1080}, warnings: {}, webStorageEnabled: false}
Session ID: ec9faf8c-33e3-47e6-aa85-6ac1216464fd
at java.base/jdk.internal.reflect.NativeConstructorAccessorImpl.newInstance0(Native Method)
at java.base/jdk.internal.reflect.NativeConstructorAccessorImpl.newInstance(NativeConstructorAccessorImpl.java:62)
at java.base/jdk.internal.reflect.DelegatingConstructorAccessorImpl.newInstance(DelegatingConstructorAccessorImpl.java:45)
at java.base/java.lang.reflect.Constructor.newInstanceWithCaller(Constructor.java:500)
at java.base/java.lang.reflect.Constructor.newInstance(Constructor.java:481)
at org.openqa.selenium.remote.http.W3CHttpResponseCodec.createException(W3CHttpResponseCodec.java:187)
at org.openqa.selenium.remote.http.W3CHttpResponseCodec.decode(W3CHttpResponseCodec.java:122)
at org.openqa.selenium.remote.http.W3CHttpResponseCodec.decode(W3CHttpResponseCodec.java:49)
at org.openqa.selenium.remote.HttpCommandExecutor.execute(HttpCommandExecutor.java:158)
at io.appium.java_client.remote.AppiumCommandExecutor.execute(AppiumCommandExecutor.java:247)
at org.openqa.selenium.remote.RemoteWebDriver.execute(RemoteWebDriver.java:552)
at io.appium.java_client.DefaultGenericMobileDriver.execute(DefaultGenericMobileDriver.java:45)
at io.appium.java_client.AppiumDriver.execute(AppiumDriver.java:1)
at org.openqa.selenium.remote.RemoteWebDriver.close(RemoteWebDriver.java:442)
at tests.BaseClass.teardown(BaseClass.java:51)
at java.base/jdk.internal.reflect.NativeMethodAccessorImpl.invoke0(Native Method)
at java.base/jdk.internal.reflect.NativeMethodAccessorImpl.invoke(NativeMethodAccessorImpl.java:62)
at java.base/jdk.internal.reflect.DelegatingMethodAccessorImpl.invoke(DelegatingMethodAccessorImpl.java:43)
at java.base/java.lang.reflect.Method.invoke(Method.java:564)
at org.testng.internal.MethodInvocationHelper.invokeMethod(MethodInvocationHelper.java:133)
at org.testng.internal.MethodInvocationHelper.invokeMethodConsideringTimeout(MethodInvocationHelper.java:62)
at org.testng.internal.ConfigInvoker.invokeConfigurationMethod(ConfigInvoker.java:385)
at org.testng.internal.ConfigInvoker.invokeConfigurations(ConfigInvoker.java:321)
at org.testng.TestRunner.invokeTestConfigurations(TestRunner.java:637)
at org.testng.TestRunner.afterRun(TestRunner.java:877)
at org.testng.TestRunner.run(TestRunner.java:599)
at org.testng.SuiteRunner.runTest(SuiteRunner.java:377)
at org.testng.SuiteRunner.runSequentially(SuiteRunner.java:371)
at org.testng.SuiteRunner.privateRun(SuiteRunner.java:332)
at org.testng.SuiteRunner.run(SuiteRunner.java:276)
at org.testng.SuiteRunnerWorker.runSuite(SuiteRunnerWorker.java:53)
at org.testng.SuiteRunnerWorker.run(SuiteRunnerWorker.java:96)
at org.testng.TestNG.runSuitesSequentially(TestNG.java:1212)
at org.testng.TestNG.runSuitesLocally(TestNG.java:1134)
at org.testng.TestNG.runSuites(TestNG.java:1063)
at org.testng.TestNG.run(TestNG.java:1031)
at org.testng.remote.AbstractRemoteTestNG.run(AbstractRemoteTestNG.java:115)
at org.testng.remote.RemoteTestNG.initAndRun(RemoteTestNG.java:251)
at org.testng.remote.RemoteTestNG.main(RemoteTestNG.java:77)
]]>
    </error>
  </testcase> <!-- teardown -->
  <system-out/>
</testsuite> <!-- tests.BaseClass -->
